0 info it worked if it ends with ok
1 verbose cli [ '/usr/local/bin/node',
1 verbose cli   '/usr/local/bin/npm',
1 verbose cli   'publish',
1 verbose cli   'examples/exampleNode' ]
2 info using npm@3.5.3
3 info using node@v5.0.0
4 verbose publish [ 'examples/exampleNode' ]
5 verbose stack Error: Invalid name: "@dr/examples/example-node"
5 verbose stack     at ensureValidName (/usr/local/lib/node_modules/npm/node_modules/normalize-package-data/lib/fixer.js:336:15)
5 verbose stack     at Object.module.exports.fixNameField (/usr/local/lib/node_modules/npm/node_modules/normalize-package-data/lib/fixer.js:215:5)
5 verbose stack     at /usr/local/lib/node_modules/npm/node_modules/normalize-package-data/lib/normalize.js:32:38
5 verbose stack     at Array.forEach (native)
5 verbose stack     at normalize (/usr/local/lib/node_modules/npm/node_modules/normalize-package-data/lib/normalize.js:31:15)
5 verbose stack     at final (/usr/local/lib/node_modules/npm/node_modules/read-package-json/read-json.js:338:5)
5 verbose stack     at then (/usr/local/lib/node_modules/npm/node_modules/read-package-json/read-json.js:113:5)
5 verbose stack     at ReadFileContext.<anonymous> (/usr/local/lib/node_modules/npm/node_modules/read-package-json/read-json.js:284:20)
5 verbose stack     at ReadFileContext.callback (/usr/local/lib/node_modules/npm/node_modules/graceful-fs/graceful-fs.js:76:16)
5 verbose stack     at FSReqWrap.readFileAfterOpen [as oncomplete] (fs.js:324:13)
6 verbose cwd /Users/liujing/dr/dr-package-home-PoC/src
7 error Darwin 15.2.0
8 error argv "/usr/local/bin/node" "/usr/local/bin/npm" "publish" "examples/exampleNode"
9 error node v5.0.0
10 error npm  v3.5.3
11 error Invalid name: "@dr/examples/example-node"
12 error If you need help, you may report this error at:
12 error     <https://github.com/npm/npm/issues>
13 verbose exit [ 1, true ]
